c:\users\onewi\grifting-goat\ac\source\vcpp\release\cube.pch
c:\users\onewi\grifting-goat\ac\source\vcpp\release\pch.obj
c:\users\onewi\grifting-goat\ac\source\vcpp\release\worldlight.obj
c:\users\onewi\grifting-goat\ac\source\vcpp\release\worldio.obj
c:\users\onewi\grifting-goat\ac\source\vcpp\release\world.obj
c:\users\onewi\grifting-goat\ac\source\vcpp\release\rndmap.obj
c:\users\onewi\grifting-goat\ac\source\vcpp\release\editing.obj
c:\users\onewi\grifting-goat\ac\source\vcpp\release\serverms.obj
c:\users\onewi\grifting-goat\ac\source\vcpp\release\serverbrowser.obj
c:\users\onewi\grifting-goat\ac\source\vcpp\release\server.obj
c:\users\onewi\grifting-goat\ac\source\vcpp\release\packetqueue.obj
c:\users\onewi\grifting-goat\ac\source\vcpp\release\clients2c.obj
c:\users\onewi\grifting-goat\ac\source\vcpp\release\clientgame.obj
c:\users\onewi\grifting-goat\ac\source\vcpp\release\client.obj
c:\users\onewi\grifting-goat\ac\source\vcpp\release\texture.obj
c:\users\onewi\grifting-goat\ac\source\vcpp\release\shadow.obj
c:\users\onewi\grifting-goat\ac\source\vcpp\release\rendertext.obj
c:\users\onewi\grifting-goat\ac\source\vcpp\release\renderparticles.obj
c:\users\onewi\grifting-goat\ac\source\vcpp\release\rendermodel.obj
c:\users\onewi\grifting-goat\ac\source\vcpp\release\renderhud.obj
c:\users\onewi\grifting-goat\ac\source\vcpp\release\rendergl.obj
c:\users\onewi\grifting-goat\ac\source\vcpp\release\rendercubes.obj
c:\users\onewi\grifting-goat\ac\source\vcpp\release\ac_bot.obj
c:\users\onewi\grifting-goat\ac\source\vcpp\release\zip.obj
c:\users\onewi\grifting-goat\ac\source\vcpp\release\water.obj
c:\users\onewi\grifting-goat\ac\source\vcpp\release\tools.obj
c:\users\onewi\grifting-goat\ac\source\vcpp\release\stream.obj
c:\users\onewi\grifting-goat\ac\source\vcpp\release\menus.obj
c:\users\onewi\grifting-goat\ac\source\vcpp\release\main.obj
c:\users\onewi\grifting-goat\ac\source\vcpp\release\log.obj
c:\users\onewi\grifting-goat\ac\source\vcpp\release\http.obj
c:\users\onewi\grifting-goat\ac\source\vcpp\release\docs.obj
c:\users\onewi\grifting-goat\ac\source\vcpp\release\crypto.obj
c:\users\onewi\grifting-goat\ac\source\vcpp\release\console.obj
c:\users\onewi\grifting-goat\ac\source\vcpp\release\autodownload.obj
c:\users\onewi\grifting-goat\ac\source\vcpp\release\command.obj
c:\users\onewi\grifting-goat\ac\source\vcpp\release\weapon.obj
c:\users\onewi\grifting-goat\ac\source\vcpp\release\scoreboard.obj
c:\users\onewi\grifting-goat\ac\source\vcpp\release\physics.obj
c:\users\onewi\grifting-goat\ac\source\vcpp\release\entities.obj
c:\users\onewi\grifting-goat\ac\source\vcpp\release\worldrender.obj
c:\users\onewi\grifting-goat\ac\source\vcpp\release\worldocull.obj
c:\users\onewi\grifting-goat\ac\source\vcpp\release\soundscheduler.obj
c:\users\onewi\grifting-goat\ac\source\vcpp\release\soundlocation.obj
c:\users\onewi\grifting-goat\ac\source\vcpp\release\openal.obj
c:\users\onewi\grifting-goat\ac\source\vcpp\release\oggstream.obj
c:\users\onewi\grifting-goat\ac\source\vcpp\release\audiomanager.obj
c:\users\onewi\grifting-goat\ac\source\vcpp\release\botmanager.obj
c:\users\onewi\grifting-goat\ac\source\vcpp\release\bot_waypoint.obj
c:\users\onewi\grifting-goat\ac\source\vcpp\release\bot_util.obj
c:\users\onewi\grifting-goat\ac\source\vcpp\release\bot_ai.obj
c:\users\onewi\grifting-goat\ac\source\vcpp\release\bot.obj
c:\users\onewi\grifting-goat\ac\source\vcpp\release\ac_bot_ai.obj
c:\users\onewi\grifting-goat\ac\source\vcpp\release\protocol1.obj
c:\users\onewi\grifting-goat\ac\bin_win32\ac_client.exe
c:\users\onewi\grifting-goat\ac\source\vcpp\release\assaultcube.map
c:\users\onewi\grifting-goat\ac\source\vcpp\release\ac_client.pdb
c:\users\onewi\grifting-goat\ac\source\vcpp\release\assaultcube.res
c:\users\onewi\grifting-goat\ac\source\vcpp\release\ac_client.iobj
c:\users\onewi\grifting-goat\ac\source\vcpp\release\assaultcube.tlog\cl.command.1.tlog
c:\users\onewi\grifting-goat\ac\source\vcpp\release\assaultcube.tlog\cl.items.tlog
c:\users\onewi\grifting-goat\ac\source\vcpp\release\assaultcube.tlog\cl.read.1.tlog
c:\users\onewi\grifting-goat\ac\source\vcpp\release\assaultcube.tlog\cl.write.1.tlog
c:\users\onewi\grifting-goat\ac\source\vcpp\release\assaultcube.tlog\link.command.1.tlog
c:\users\onewi\grifting-goat\ac\source\vcpp\release\assaultcube.tlog\link.read.1.tlog
c:\users\onewi\grifting-goat\ac\source\vcpp\release\assaultcube.tlog\link.secondary.1.tlog
c:\users\onewi\grifting-goat\ac\source\vcpp\release\assaultcube.tlog\link.write.1.tlog
c:\users\onewi\grifting-goat\ac\source\vcpp\release\assaultcube.tlog\rc.command.1.tlog
c:\users\onewi\grifting-goat\ac\source\vcpp\release\assaultcube.tlog\rc.read.1.tlog
c:\users\onewi\grifting-goat\ac\source\vcpp\release\assaultcube.tlog\rc.write.1.tlog
